This is pdfTeX, Version 3.14159265-2.6-1.40.17 (MiKTeX 2.9.6210 64-bit) (preloaded format=pdflatex 2017.3.15)  22 MAY 2017 16:04
entering extended mode
**./EE212_Project_Report.tex
(EE212_Project_Report.tex
LaTeX2e <2017/01/01> patch level 1
Babel <3.9r> and hyphenation patterns for 75 language(s) loaded.
("C:\Program Files\MiKTeX 2.9\tex\latex\base\report.cls"
Document Class: report 2014/09/29 v1.4h Standard LaTeX document class
("C:\Program Files\MiKTeX 2.9\tex\latex\base\size12.clo"
File: size12.clo 2014/09/29 v1.4h Standard LaTeX file (size option)
)
\c@part=\count79
\c@chapter=\count80
\c@section=\count81
\c@subsection=\count82
\c@subsubsection=\count83
\c@paragraph=\count84
\c@subparagraph=\count85
\c@figure=\count86
\c@table=\count87
\abovecaptionskip=\skip41
\belowcaptionskip=\skip42
\bibindent=\dimen102
)
("C:\Program Files\MiKTeX 2.9\tex\latex\graphics\graphicx.sty"
Package: graphicx 2014/10/28 v1.0g Enhanced LaTeX Graphics (DPC,SPQR)

("C:\Program Files\MiKTeX 2.9\tex\latex\graphics\keyval.sty"
Package: keyval 2014/10/28 v1.15 key=value parser (DPC)
\KV@toks@=\toks14
)
("C:\Program Files\MiKTeX 2.9\tex\latex\graphics\graphics.sty"
Package: graphics 2016/10/09 v1.0u Standard LaTeX Graphics (DPC,SPQR)

("C:\Program Files\MiKTeX 2.9\tex\latex\graphics\trig.sty"
Package: trig 2016/01/03 v1.10 sin cos tan (DPC)
)
("C:\Program Files\MiKTeX 2.9\tex\latex\graphics-cfg\graphics.cfg"
File: graphics.cfg 2016/06/04 v1.11 sample graphics configuration
)
Package graphics Info: Driver file: pdftex.def on input line 99.

("C:\Program Files\MiKTeX 2.9\tex\latex\graphics-def\pdftex.def"
File: pdftex.def 2017/01/12 v0.06k Graphics/color for pdfTeX

("C:\Program Files\MiKTeX 2.9\tex\generic\oberdiek\infwarerr.sty"
Package: infwarerr 2016/05/16 v1.4 Providing info/warning/error messages (HO)
)
("C:\Program Files\MiKTeX 2.9\tex\generic\oberdiek\ltxcmds.sty"
Package: ltxcmds 2016/05/16 v1.23 LaTeX kernel commands for general use (HO)
)
\Gread@gobject=\count88
))
\Gin@req@height=\dimen103
\Gin@req@width=\dimen104
)
(C:\Users\Bill\AppData\Roaming\MiKTeX\2.9\tex\latex\titlesec\titletoc.sty
Package: titletoc 2011/12/15 v1.6 TOC entries
\ttl@leftsep=\dimen105
)
(C:\Users\Bill\AppData\Roaming\MiKTeX\2.9\tex\latex\fancyhdr\fancyhdr.sty
Package: fancyhdr 2016/09/06 3.8 Extensive control of page headers and footers
\fancy@headwidth=\skip43
\f@ncyO@elh=\skip44
\f@ncyO@erh=\skip45
\f@ncyO@olh=\skip46
\f@ncyO@orh=\skip47
\f@ncyO@elf=\skip48
\f@ncyO@erf=\skip49
\f@ncyO@olf=\skip50
\f@ncyO@orf=\skip51
)
("C:\Program Files\MiKTeX 2.9\tex\latex\geometry\geometry.sty"
Package: geometry 2010/09/12 v5.6 Page Geometry

("C:\Program Files\MiKTeX 2.9\tex\generic\oberdiek\ifpdf.sty"
Package: ifpdf 2016/05/14 v3.1 Provides the ifpdf switch
)
("C:\Program Files\MiKTeX 2.9\tex\generic\oberdiek\ifvtex.sty"
Package: ifvtex 2016/05/16 v1.6 Detect VTeX and its facilities (HO)
Package ifvtex Info: VTeX not detected.
)
("C:\Program Files\MiKTeX 2.9\tex\generic\ifxetex\ifxetex.sty"
Package: ifxetex 2010/09/12 v0.6 Provides ifxetex conditional
)
\Gm@cnth=\count89
\Gm@cntv=\count90
\c@Gm@tempcnt=\count91
\Gm@bindingoffset=\dimen106
\Gm@wd@mp=\dimen107
\Gm@odd@mp=\dimen108
\Gm@even@mp=\dimen109
\Gm@layoutwidth=\dimen110
\Gm@layoutheight=\dimen111
\Gm@layouthoffset=\dimen112
\Gm@layoutvoffset=\dimen113
\Gm@dimlist=\toks15

("C:\Program Files\MiKTeX 2.9\tex\latex\geometry\geometry.cfg"))
("C:\Program Files\MiKTeX 2.9\tex\generic\babel\babel.sty"
Package: babel 2016/04/23 3.9r The Babel package

*************************************
* Local config file bblopts.cfg used
*
(C:\Users\Bill\AppData\Roaming\MiKTeX\2.9\tex\latex\arabi\bblopts.cfg
File: bblopts.cfg 2005/09/08 v0.1 add Arabic and Farsi to "declared" options of
 babel
)
("C:\Program Files\MiKTeX 2.9\tex\latex\babel-english\english.ldf"
Language: english 2017/01/24 v3.3q English support from the babel system

("C:\Program Files\MiKTeX 2.9\tex\generic\babel\babel.def"
File: babel.def 2016/04/23 3.9r Babel common definitions
\babel@savecnt=\count92
\U@D=\dimen114
)
\l@canadian = a dialect from \language\l@american 
\l@australian = a dialect from \language\l@british 
\l@newzealand = a dialect from \language\l@british 
))
(C:\Users\Bill\AppData\Roaming\MiKTeX\2.9\tex\latex\xcolor\xcolor.sty
Package: xcolor 2016/05/11 v2.12 LaTeX color extensions (UK)

("C:\Program Files\MiKTeX 2.9\tex\latex\graphics-cfg\color.cfg"
File: color.cfg 2016/01/02 v1.6 sample color configuration
)
Package xcolor Info: Driver file: pdftex.def on input line 225.
Package xcolor Info: Model `cmy' substituted by `cmy0' on input line 1348.
Package xcolor Info: Model `hsb' substituted by `rgb' on input line 1352.
Package xcolor Info: Model `RGB' extended on input line 1364.
Package xcolor Info: Model `HTML' substituted by `rgb' on input line 1366.
Package xcolor Info: Model `Hsb' substituted by `hsb' on input line 1367.
Package xcolor Info: Model `tHsb' substituted by `hsb' on input line 1368.
Package xcolor Info: Model `HSB' substituted by `hsb' on input line 1369.
Package xcolor Info: Model `Gray' substituted by `gray' on input line 1370.
Package xcolor Info: Model `wave' substituted by `hsb' on input line 1371.
)
("C:\Program Files\MiKTeX 2.9\tex\latex\tools\enumerate.sty"
Package: enumerate 2015/07/23 v3.00 enumerate extensions (DPC)
\@enLab=\toks16
)
("C:\Program Files\MiKTeX 2.9\tex\latex\base\fix-cm.sty"
Package: fix-cm 2015/01/14 v1.1t fixes to LaTeX

("C:\Program Files\MiKTeX 2.9\tex\latex\base\ts1enc.def"
File: ts1enc.def 2001/06/05 v3.0e (jk/car/fm) Standard LaTeX file
))
(C:\Users\Bill\AppData\Roaming\MiKTeX\2.9\tex\latex\tocbibind\tocbibind.sty
Package: tocbibind 2010/10/13 v1.5k extra ToC listings
Package tocbibind Info: The document has chapter divisions on input line 50.


Package tocbibind Note: Using chapter style headings, unless overridden.

) ("C:\Program Files\MiKTeX 2.9\tex\latex\amsmath\amsmath.sty"
Package: amsmath 2016/11/05 v2.16a AMS math features
\@mathmargin=\skip52

For additional information on amsmath, use the `?' option.
("C:\Program Files\MiKTeX 2.9\tex\latex\amsmath\amstext.sty"
Package: amstext 2000/06/29 v2.01 AMS text

("C:\Program Files\MiKTeX 2.9\tex\latex\amsmath\amsgen.sty"
File: amsgen.sty 1999/11/30 v2.0 generic functions
\@emptytoks=\toks17
\ex@=\dimen115
))
("C:\Program Files\MiKTeX 2.9\tex\latex\amsmath\amsbsy.sty"
Package: amsbsy 1999/11/29 v1.2d Bold Symbols
\pmbraise@=\dimen116
)
("C:\Program Files\MiKTeX 2.9\tex\latex\amsmath\amsopn.sty"
Package: amsopn 2016/03/08 v2.02 operator names
)
\inf@bad=\count93
LaTeX Info: Redefining \frac on input line 213.
\uproot@=\count94
\leftroot@=\count95
LaTeX Info: Redefining \overline on input line 375.
\classnum@=\count96
\DOTSCASE@=\count97
LaTeX Info: Redefining \ldots on input line 472.
LaTeX Info: Redefining \dots on input line 475.
LaTeX Info: Redefining \cdots on input line 596.
\Mathstrutbox@=\box26
\strutbox@=\box27
\big@size=\dimen117
LaTeX Font Info:    Redeclaring font encoding OML on input line 712.
LaTeX Font Info:    Redeclaring font encoding OMS on input line 713.
\macc@depth=\count98
\c@MaxMatrixCols=\count99
\dotsspace@=\muskip10
\c@parentequation=\count100
\dspbrk@lvl=\count101
\tag@help=\toks18
\row@=\count102
\column@=\count103
\maxfields@=\count104
\andhelp@=\toks19
\eqnshift@=\dimen118
\alignsep@=\dimen119
\tagshift@=\dimen120
\tagwidth@=\dimen121
\totwidth@=\dimen122
\lineht@=\dimen123
\@envbody=\toks20
\multlinegap=\skip53
\multlinetaggap=\skip54
\mathdisplay@stack=\toks21
LaTeX Info: Redefining \[ on input line 2817.
LaTeX Info: Redefining \] on input line 2818.
)
(C:\Users\Bill\AppData\Roaming\MiKTeX\2.9\tex\latex\listings\listings.sty
\lst@mode=\count105
\lst@gtempboxa=\box28
\lst@token=\toks22
\lst@length=\count106
\lst@currlwidth=\dimen124
\lst@column=\count107
\lst@pos=\count108
\lst@lostspace=\dimen125
\lst@width=\dimen126
\lst@newlines=\count109
\lst@lineno=\count110
\lst@maxwidth=\dimen127

(C:\Users\Bill\AppData\Roaming\MiKTeX\2.9\tex\latex\listings\lstmisc.sty
File: lstmisc.sty 2015/06/04 1.6 (Carsten Heinz)
\c@lstnumber=\count111
\lst@skipnumbers=\count112
\lst@framebox=\box29
)
(C:\Users\Bill\AppData\Roaming\MiKTeX\2.9\tex\latex\listings\listings.cfg
File: listings.cfg 2015/06/04 1.6 listings configuration
))
Package: listings 2015/06/04 1.6 (Carsten Heinz)

(C:\Users\Bill\AppData\Roaming\MiKTeX\2.9\tex\latex\appendix\appendix.sty
Package: appendix 2009/09/02 v1.2b extra appendix facilities
\c@@pps=\count113
\c@@ppsavesec=\count114
\c@@ppsaveapp=\count115
)
(C:\Users\Bill\AppData\Roaming\MiKTeX\2.9\tex\latex\listings\lstlang1.sty
File: lstlang1.sty 2015/06/04 1.6 listings language file
)
(C:\Users\Bill\AppData\Roaming\MiKTeX\2.9\tex\latex\listings\lstmisc.sty
File: lstmisc.sty 2015/06/04 1.6 (Carsten Heinz)
)
(EE212_Project_Report.aux)
\openout1 = `EE212_Project_Report.aux'.

LaTeX Font Info:    Checking defaults for OML/cmm/m/it on input line 48.
LaTeX Font Info:    ... okay on input line 48.
LaTeX Font Info:    Checking defaults for T1/cmr/m/n on input line 48.
LaTeX Font Info:    ... okay on input line 48.
LaTeX Font Info:    Checking defaults for OT1/cmr/m/n on input line 48.
LaTeX Font Info:    ... okay on input line 48.
LaTeX Font Info:    Checking defaults for OMS/cmsy/m/n on input line 48.
LaTeX Font Info:    ... okay on input line 48.
LaTeX Font Info:    Checking defaults for OMX/cmex/m/n on input line 48.
LaTeX Font Info:    ... okay on input line 48.
LaTeX Font Info:    Checking defaults for U/cmr/m/n on input line 48.
LaTeX Font Info:    ... okay on input line 48.
LaTeX Font Info:    Checking defaults for TS1/cmr/m/n on input line 48.
LaTeX Font Info:    ... okay on input line 48.

(C:\Users\Bill\AppData\Roaming\MiKTeX\2.9\tex\context\base\supp-pdf.mkii
[Loading MPS to PDF converter (version 2006.09.02).]
\scratchcounter=\count116
\scratchdimen=\dimen128
\scratchbox=\box30
\nofMPsegments=\count117
\nofMParguments=\count118
\everyMPshowfont=\toks23
\MPscratchCnt=\count119
\MPscratchDim=\dimen129
\MPnumerator=\count120
\makeMPintoPDFobject=\count121
\everyMPtoPDFconversion=\toks24
) ("C:\Program Files\MiKTeX 2.9\tex\generic\oberdiek\pdftexcmds.sty"
Package: pdftexcmds 2016/05/21 v0.22 Utility functions of pdfTeX for LuaTeX (HO
)

("C:\Program Files\MiKTeX 2.9\tex\generic\oberdiek\ifluatex.sty"
Package: ifluatex 2016/05/16 v1.4 Provides the ifluatex switch (HO)
Package ifluatex Info: LuaTeX not detected.
)
Package pdftexcmds Info: LuaTeX not detected.
Package pdftexcmds Info: \pdf@primitive is available.
Package pdftexcmds Info: \pdf@ifprimitive is available.
Package pdftexcmds Info: \pdfdraftmode found.
)
("C:\Program Files\MiKTeX 2.9\tex\latex\oberdiek\epstopdf-base.sty"
Package: epstopdf-base 2016/05/15 v2.6 Base part for package epstopdf

("C:\Program Files\MiKTeX 2.9\tex\latex\oberdiek\grfext.sty"
Package: grfext 2016/05/16 v1.2 Manage graphics extensions (HO)

("C:\Program Files\MiKTeX 2.9\tex\generic\oberdiek\kvdefinekeys.sty"
Package: kvdefinekeys 2016/05/16 v1.4 Define keys (HO)
))
("C:\Program Files\MiKTeX 2.9\tex\latex\oberdiek\kvoptions.sty"
Package: kvoptions 2016/05/16 v3.12 Key value format for package options (HO)

("C:\Program Files\MiKTeX 2.9\tex\generic\oberdiek\kvsetkeys.sty"
Package: kvsetkeys 2016/05/16 v1.17 Key value parser (HO)

("C:\Program Files\MiKTeX 2.9\tex\generic\oberdiek\etexcmds.sty"
Package: etexcmds 2016/05/16 v1.6 Avoid name clashes with e-TeX commands (HO)
Package etexcmds Info: Could not find \expanded.
(etexcmds)             That can mean that you are not using pdfTeX 1.50 or
(etexcmds)             that some package has redefined \expanded.
(etexcmds)             In the latter case, load this package earlier.
)))
Package epstopdf-base Info: Redefining graphics rule for `.eps' on input line 4
38.
Package grfext Info: Graphics extension search list:
(grfext)             [.png,.pdf,.jpg,.mps,.jpeg,.jbig2,.jb2,.PNG,.PDF,.JPG,.JPE
G,.JBIG2,.JB2,.eps]
(grfext)             \AppendGraphicsExtensions on input line 456.
)
*geometry* detected driver: pdftex
*geometry* verbose mode - [ preamble ] result:
* driver: pdftex
* paper: a4paper
* layout: <same size as paper>
* layoutoffset:(h,v)=(0.0pt,0.0pt)
* modes: 
* h-part:(L,W,R)=(89.62709pt, 418.25368pt, 89.6271pt)
* v-part:(T,H,B)=(101.40665pt, 591.5302pt, 152.11pt)
* \paperwidth=597.50787pt
* \paperheight=845.04684pt
* \textwidth=418.25368pt
* \textheight=591.5302pt
* \oddsidemargin=17.3571pt
* \evensidemargin=17.3571pt
* \topmargin=-7.86334pt
* \headheight=12.0pt
* \headsep=25.0pt
* \topskip=12.0pt
* \footskip=30.0pt
* \marginparwidth=35.0pt
* \marginparsep=10.0pt
* \columnsep=10.0pt
* \skip\footins=10.8pt plus 4.0pt minus 2.0pt
* \hoffset=0.0pt
* \voffset=0.0pt
* \mag=1000
* \@twocolumnfalse
* \@twosidefalse
* \@mparswitchfalse
* \@reversemarginfalse
* (1in=72.27pt=25.4mm, 1cm=28.453pt)

\c@lstlisting=\count122
<CoverSheet.pdf, id=1, 187.45132pt x 40.15pt>
File: CoverSheet.pdf Graphic file (type pdf)
 <use CoverSheet.pdf>
Package pdftex.def Info: CoverSheet.pdf used on input line 51.
(pdftex.def)             Requested size: 281.17627pt x 60.22482pt.
 [1

{C:/Users/Bill/AppData/Local/MiKTeX/2.9/pdftex/config/pdftex.map} <./CoverSheet
.pdf>]
[1

] (EE212_Project_Report.toc)
\tf@toc=\write3
\openout3 = `EE212_Project_Report.toc'.

 [1

]
Chapter 1.
[2

]
Chapter 2.
<relay.jpg, id=38, 1104.125pt x 1104.125pt>
File: relay.jpg Graphic file (type jpg)
 <use relay.jpg>
Package pdftex.def Info: relay.jpg used on input line 95.
(pdftex.def)             Requested size: 110.41896pt x 110.41896pt.

<peltier_effect.jpg, id=39, 94.84251pt x 102.05055pt>
File: peltier_effect.jpg Graphic file (type jpg)
 <use peltier_effect.jpg>
Package pdftex.def Info: peltier_effect.jpg used on input line 108.
(pdftex.def)             Requested size: 132.7786pt x 142.86978pt.

[3

 <./relay.jpg>] [4 <./peltier_effect.jpg>]
Chapter 3.
LaTeX Font Info:    Try loading font information for OMS+cmr on input line 120.

("C:\Program Files\MiKTeX 2.9\tex\latex\base\omscmr.fd"
File: omscmr.fd 2014/09/29 v2.5h Standard LaTeX font definitions
)
LaTeX Font Info:    Font shape `OMS/cmr/m/n' in size <12> not available
(Font)              Font shape `OMS/cmsy/m/n' tried instead on input line 120.

<mini_fridge_schem.pdf, id=46, 423.5825pt x 305.14pt>
File: mini_fridge_schem.pdf Graphic file (type pdf)

<use mini_fridge_schem.pdf>
Package pdftex.def Info: mini_fridge_schem.pdf used on input line 137.
(pdftex.def)             Requested size: 423.58147pt x 305.13924pt.

Overfull \hbox (5.32779pt too wide) in paragraph at lines 137--138
 [][] 
 []


LaTeX Warning: `!h' float specifier changed to `!ht'.

[5

] [6 <./mini_fridge_schem.pdf>] [7]
Chapter 4.
[8

]
Chapter 5.
[9

]
Chapter 6.
(EE212_Project_Report.bbl [10

]

LaTeX Warning: Empty `thebibliography' environment on input line 3.

) [11

] [12


]
(C:\Users\Bill\AppData\Roaming\MiKTeX\2.9\tex\latex\listings\lstlang1.sty
File: lstlang1.sty 2015/06/04 1.6 listings language file
)
(F1VTS29IVO5D4XS.ino
LaTeX Font Info:    Try loading font information for OML+cmr on input line 1.
 ("C:\Program Files\MiKTeX 2.9\tex\latex\base\omlcmr.fd"
File: omlcmr.fd 2014/09/29 v2.5h Standard LaTeX font definitions
)
LaTeX Font Info:    Font shape `OML/cmr/m/n' in size <10> not available
(Font)              Font shape `OML/cmm/m/it' tried instead on input line 1.
LaTeX Font Info:    Font shape `OMS/cmr/m/n' in size <10> not available
(Font)              Font shape `OMS/cmsy/m/n' tried instead on input line 12.
)
[13] (EE212_Project_Report.aux) ) 
Here is how much of TeX's memory you used:
 5797 strings out of 493333
 82516 string characters out of 3139197
 232644 words of memory out of 3000000
 9220 multiletter control sequences out of 15000+200000
 10160 words of font info for 37 fonts, out of 3000000 for 9000
 1141 hyphenation exceptions out of 8191
 39i,8n,49p,931b,1356s stack positions out of 5000i,500n,10000p,200000b,50000s
<C:/Program Files/MiKTeX 2.9/fonts/type1/publi
c/amsfonts/cm/cmbx12.pfb><C:/Program Files/MiKTeX 2.9/fonts/type1/public/amsfon
ts/cm/cmmi10.pfb><C:/Program Files/MiKTeX 2.9/fonts/type1/public/amsfonts/cm/cm
r10.pfb><C:/Program Files/MiKTeX 2.9/fonts/type1/public/amsfonts/cm/cmr12.pfb><
C:/Program Files/MiKTeX 2.9/fonts/type1/public/amsfonts/cm/cmr17.pfb><C:/Progra
m Files/MiKTeX 2.9/fonts/type1/public/amsfonts/cm/cmr6.pfb><C:/Program Files/Mi
KTeX 2.9/fonts/type1/public/amsfonts/cm/cmsy10.pfb>
Output written on EE212_Project_Report.pdf (15 pages, 1128857 bytes).
PDF statistics:
 212 PDF objects out of 1000 (max. 8388607)
 0 named destinations out of 1000 (max. 500000)
 21 words of extra memory for PDF output out of 10000 (max. 10000000)

